<?xml version="1.0" encoding="UTF-8"?>
<!-- Generated by org.testng.reporters.JUnitReportReporter -->
<testsuite hostname="Amit-Yadav" failures="0" tests="1" name="com.citysite.tests.JobseekerRegistrationTest" time="12.182" errors="0" timestamp="2025-08-19T16:27:58 IST" skipped="0">
  <testcase classname="com.citysite.tests.JobseekerRegistrationTest" name="testJobseekerRegistration" time="12.182"/>
</testsuite> <!-- com.citysite.tests.JobseekerRegistrationTest -->
