<?xml version="1.0" encoding="UTF-8"?>
<!-- Generated by org.testng.reporters.JUnitReportReporter -->
<testsuite hostname="Amit-Yadav" failures="0" tests="2" name="com.citysite.tests.LoginTest" time="10.914" errors="0" timestamp="2025-08-08T18:31:20 IST" skipped="0">
  <testcase classname="com.citysite.tests.LoginTest" name="testJobSeekerLogin" time="6.133"/>
  <testcase classname="com.citysite.tests.LoginTest" name="testRecruiterLogin" time="4.781"/>
</testsuite> <!-- com.citysite.tests.LoginTest -->
