<?xml version="1.0" encoding="UTF-8"?>
<!-- Generated by org.testng.reporters.JUnitReportReporter -->
<testsuite hostname="Amit-Yadav" failures="0" tests="2" name="com.citysite.tests.LoginTest" time="9.907" errors="0" timestamp="2025-08-13T15:43:26 IST" skipped="0">
  <testcase classname="com.citysite.tests.LoginTest" name="testJobSeekerLogin" time="6.341"/>
  <testcase classname="com.citysite.tests.LoginTest" name="testRecruiterLogin" time="3.566"/>
</testsuite> <!-- com.citysite.tests.LoginTest -->
